2017-10-14 11:25:00 --- SMARTDOWN: (logger) Open connections (5). Try it later.
2017-10-14 11:25:04 --- SMARTDOWN: (logger) Open connections (5). Try it later.
2017-10-14 11:26:34 --- SMARTDOWN: (logger) Open connections (5). Try it later.
2017-10-14 12:15:00 --- SMARTDOWN: (logger) Open connections (0). Try it later.
2017-10-14 13:15:00 --- SMARTDOWN: (logger) Open connections (0). Try it later.
2017-10-14 14:15:00 --- SMARTDOWN: (logger) Open connections (0). Try it later.
2017-10-14 15:15:00 --- SMARTDOWN: (logger) Open connections (0). Try it later.
2017-10-14 16:15:00 --- SMARTDOWN: (logger) Open connections (0). Try it later.
2017-10-14 17:15:00 --- SMARTDOWN: (logger) Open connections (0). Try it later.
2017-10-14 18:15:00 --- SMARTDOWN: (logger) Open connections (0). Try it later.
2017-10-14 19:15:00 --- SMARTDOWN: (logger) Open connections (0). Try it later.
2017-10-14 20:15:00 --- SMARTDOWN: (logger) Open connections (0). Try it later.
2017-10-14 21:15:00 --- SMARTDOWN: (logger) Open connections (0). Try it later.
2017-10-14 22:15:00 --- SMARTDOWN: (logger) Open connections (0). Try it later.
2017-10-14 23:15:00 --- SMARTDOWN: (logger) Open connections (0). Try it later.
2017-10-15 00:15:00 --- SMARTDOWN: (logger) Open connections (0). Try it later.
2017-10-15 01:15:00 --- SMARTDOWN: (logger) Open connections (0). Try it later.
2017-10-15 02:15:00 --- SMARTDOWN: (logger) Open connections (0). Try it later.
2017-10-15 03:15:00 --- SMARTDOWN: (logger) Open connections (0). Try it later.
2017-10-15 04:15:00 --- SMARTDOWN: (logger) Open connections (0). Try it later.
2017-10-15 04:50:00 --- SMARTDOWN: (safe) Open connections (0). Try it later.
2017-10-15 04:53:00 --- SMARTDOWN: (safe) Open connections (0). Try it later.
2017-10-15 04:56:00 --- SMARTDOWN: (safe) Open connections (0). Try it later.
2017-10-15 05:15:00 --- SMARTDOWN: (logger) Open connections (0). Try it later.
2017-10-15 05:50:00 --- SMARTDOWN: (safe) Open connections (0). Try it later.
2017-10-15 05:53:00 --- SMARTDOWN: (safe) Open connections (0). Try it later.
2017-10-15 05:56:00 --- SMARTDOWN: (safe) Open connections (0). Try it later.
2017-10-15 06:15:00 --- SMARTDOWN: (logger) Open connections (0). Try it later.
2017-10-15 07:15:00 --- SMARTDOWN: (logger) Open connections (0). Try it later.
2017-10-15 08:15:00 --- SMARTDOWN: (logger) Open connections (0). Try it later.
2017-10-15 09:15:00 --- SMARTDOWN: (logger) Open connections (0). Try it later.
2017-10-15 10:15:00 --- SMARTDOWN: (logger) Open connections (0). Try it later.
2017-10-15 11:15:00 --- SMARTDOWN: (logger) Open connections (0). Try it later.
2017-10-15 12:15:00 --- SMARTDOWN: (logger) Open connections (0). Try it later.
2017-10-15 13:15:00 --- SMARTDOWN: (logger) Open connections (0). Try it later.
2017-10-15 14:15:00 --- SMARTDOWN: (logger) Open connections (0). Try it later.
2017-10-15 15:15:00 --- SMARTDOWN: (logger) Open connections (0). Try it later.
2017-10-15 16:15:00 --- SMARTDOWN: (logger) Open connections (0). Try it later.
2017-10-15 17:15:00 --- SMARTDOWN: (logger) Open connections (0). Try it later.
2017-10-15 18:15:00 --- SMARTDOWN: (logger) Open connections (0). Try it later.
2017-10-15 19:15:00 --- SMARTDOWN: (logger) Open connections (0). Try it later.
2017-10-15 20:15:00 --- SMARTDOWN: (logger) Open connections (0). Try it later.
2017-10-15 21:15:00 --- SMARTDOWN: (logger) Open connections (0). Try it later.
2017-10-15 22:04:18 --- SMARTDOWN: (safe) Open connections (3). Try it later.
2017-10-15 22:04:30 --- SMARTDOWN: (logger) Open connections (3). Try it later.
2017-10-15 22:15:00 --- SMARTDOWN: (logger) Open connections (2). Try it later.
2017-10-15 23:15:00 --- SMARTDOWN: (logger) Open connections (0). Try it later.
2017-10-16 00:15:00 --- SMARTDOWN: (logger) Open connections (0). Try it later.
2017-10-16 01:15:00 --- SMARTDOWN: (logger) Open connections (0). Try it later.
2017-10-16 02:15:00 --- SMARTDOWN: (logger) Open connections (0). Try it later.
2017-10-16 03:15:00 --- SMARTDOWN: (logger) Open connections (0). Try it later.
2017-10-16 04:15:00 --- SMARTDOWN: (logger) Open connections (0). Try it later.
2017-10-16 04:50:00 --- SMARTDOWN: (safe) Shutdown now...
2017-10-16 04:50:00 --- SMARTDOWN: Shutdown ... 
2017-10-25 21:15:00 --- SMARTDOWN: (logger) Open connections (0). Try it later.
2017-10-25 22:15:00 --- SMARTDOWN: (logger) Open connections (0). Try it later.
2017-10-25 23:15:00 --- SMARTDOWN: (logger) Open connections (0). Try it later.
2017-10-26 00:15:00 --- SMARTDOWN: (logger) Open connections (0). Try it later.
2017-10-26 01:15:00 --- SMARTDOWN: (logger) Open connections (0). Try it later.
2017-10-26 02:15:00 --- SMARTDOWN: (logger) Open connections (0). Try it later.
2017-10-26 03:15:00 --- SMARTDOWN: (logger) Open connections (0). Try it later.
2017-10-26 04:15:00 --- SMARTDOWN: (logger) Open connections (0). Try it later.
2017-10-26 04:50:00 --- SMARTDOWN: (safe) Shutdown now...
2017-10-26 04:50:00 --- SMARTDOWN: Shutdown ... 
2017-10-28 12:15:00 --- SMARTDOWN: (logger) Open connections (0). Try it later.
2017-10-28 13:15:00 --- SMARTDOWN: (logger) Open connections (0). Try it later.
2017-10-28 14:15:00 --- SMARTDOWN: (logger) Open connections (0). Try it later.
2017-10-28 15:15:00 --- SMARTDOWN: (logger) Open connections (0). Try it later.
2017-10-28 16:15:00 --- SMARTDOWN: (logger) Open connections (0). Try it later.
2017-10-28 17:15:00 --- SMARTDOWN: (logger) Open connections (0). Try it later.
2017-10-28 18:15:00 --- SMARTDOWN: (logger) Open connections (0). Try it later.
2017-10-28 19:15:00 --- SMARTDOWN: (logger) Open connections (0). Try it later.
2017-10-28 20:15:00 --- SMARTDOWN: (logger) Open connections (0). Try it later.
2017-10-28 21:15:00 --- SMARTDOWN: (logger) Open connections (0). Try it later.
2017-10-28 22:15:00 --- SMARTDOWN: (logger) Open connections (0). Try it later.
2017-10-28 23:15:00 --- SMARTDOWN: (logger) Open connections (0). Try it later.
2017-10-29 00:15:00 --- SMARTDOWN: (logger) Open connections (0). Try it later.
2017-10-29 01:15:00 --- SMARTDOWN: (logger) Open connections (0). Try it later.
2017-10-29 02:15:00 --- SMARTDOWN: (logger) Open connections (0). Try it later.
2017-10-29 02:15:00 --- SMARTDOWN: (logger) Open connections (0). Try it later.
2017-10-29 03:15:00 --- SMARTDOWN: (logger) Open connections (0). Try it later.
2017-10-29 04:15:00 --- SMARTDOWN: (logger) Open connections (0). Try it later.
2017-10-29 04:50:00 --- SMARTDOWN: (safe) Shutdown now...
2017-10-29 04:50:00 --- SMARTDOWN: Shutdown ... 
2017-10-29 19:15:00 --- SMARTDOWN: (logger) Open connections (1). Try it later.
2017-10-29 20:15:00 --- SMARTDOWN: (logger) Open connections (1). Try it later.
2017-10-29 21:15:00 --- SMARTDOWN: (logger) Open connections (0). Try it later.
2017-10-29 22:15:00 --- SMARTDOWN: (logger) Open connections (0). Try it later.
2017-10-29 23:15:00 --- SMARTDOWN: (logger) Open connections (0). Try it later.
2017-10-30 00:15:00 --- SMARTDOWN: (logger) Open connections (0). Try it later.
2017-10-30 01:15:00 --- SMARTDOWN: (logger) Open connections (0). Try it later.
2017-10-30 02:15:00 --- SMARTDOWN: (logger) Open connections (0). Try it later.
2017-10-30 03:15:00 --- SMARTDOWN: (logger) Open connections (0). Try it later.
2017-10-30 04:15:00 --- SMARTDOWN: (logger) Open connections (0). Try it later.
2017-10-30 04:50:00 --- SMARTDOWN: (safe) Shutdown now...
2017-10-30 04:50:00 --- SMARTDOWN: Shutdown ... 
2017-11-05 20:15:00 --- SMARTDOWN: (logger) Open connections (0). Try it later.
2017-11-05 21:15:00 --- SMARTDOWN: (logger) Open connections (0). Try it later.
2017-11-05 22:15:00 --- SMARTDOWN: (logger) Open connections (0). Try it later.
2017-11-05 23:15:00 --- SMARTDOWN: (logger) Open connections (1). Try it later.
2017-11-06 00:15:00 --- SMARTDOWN: (logger) Open connections (0). Try it later.
2017-11-06 01:15:00 --- SMARTDOWN: (logger) Open connections (0). Try it later.
2017-11-06 02:15:00 --- SMARTDOWN: (logger) Open connections (0). Try it later.
2017-11-06 03:15:00 --- SMARTDOWN: (logger) Open connections (0). Try it later.
2017-11-06 04:15:00 --- SMARTDOWN: (logger) Open connections (0). Try it later.
2017-11-06 04:50:00 --- SMARTDOWN: (safe) Shutdown now...
2017-11-06 04:50:00 --- SMARTDOWN: Shutdown ... 
2017-11-08 19:15:00 --- SMARTDOWN: (logger) Open connections (0). Try it later.
2017-11-08 20:15:00 --- SMARTDOWN: (logger) Open connections (0). Try it later.
2017-11-08 21:15:00 --- SMARTDOWN: (logger) Open connections (0). Try it later.
2017-11-08 22:15:00 --- SMARTDOWN: (logger) Open connections (0). Try it later.
2017-11-08 23:15:00 --- SMARTDOWN: (logger) Open connections (0). Try it later.
2017-11-09 00:15:00 --- SMARTDOWN: (logger) Open connections (0). Try it later.
2017-11-09 01:15:00 --- SMARTDOWN: (logger) Open connections (0). Try it later.
2017-11-09 02:15:00 --- SMARTDOWN: (logger) Open connections (0). Try it later.
2017-11-09 03:15:00 --- SMARTDOWN: (logger) Open connections (0). Try it later.
2017-11-09 04:15:00 --- SMARTDOWN: (logger) Open connections (0). Try it later.
2017-11-09 04:50:00 --- SMARTDOWN: (safe) Shutdown now...
2017-11-09 04:50:00 --- SMARTDOWN: Shutdown ... 
2017-11-11 22:15:00 --- SMARTDOWN: (logger) Open connections (0). Try it later.
2017-11-11 23:15:00 --- SMARTDOWN: (logger) Open connections (2). Try it later.
2017-11-12 00:15:00 --- SMARTDOWN: (logger) Open connections (2). Try it later.
2017-11-12 11:15:00 --- SMARTDOWN: (logger) Open connections (2). Try it later.
2017-11-12 14:15:00 --- SMARTDOWN: (logger) Open connections (8). Try it later.
2017-11-12 16:15:00 --- SMARTDOWN: (logger) Open connections (3). Try it later.
2017-11-12 17:15:00 --- SMARTDOWN: (logger) Open connections (1). Try it later.
2017-11-12 18:15:00 --- SMARTDOWN: (logger) Open connections (0). Try it later.
2017-11-12 19:15:00 --- SMARTDOWN: (logger) Open connections (0). Try it later.
2017-11-12 20:15:00 --- SMARTDOWN: (logger) Open connections (0). Try it later.
2017-11-13 18:15:00 --- SMARTDOWN: (logger) Open connections (0). Try it later.
2017-11-13 19:15:00 --- SMARTDOWN: (logger) Open connections (0). Try it later.
2017-11-13 20:15:00 --- SMARTDOWN: (logger) Open connections (0). Try it later.
2017-11-13 21:15:00 --- SMARTDOWN: (logger) Open connections (0). Try it later.
2017-11-13 22:15:00 --- SMARTDOWN: (logger) Open connections (1). Try it later.
2017-11-13 23:15:00 --- SMARTDOWN: (logger) Open connections (0). Try it later.
2017-11-14 00:15:00 --- SMARTDOWN: (logger) Open connections (0). Try it later.
2017-11-14 01:15:00 --- SMARTDOWN: (logger) Open connections (0). Try it later.
2017-11-14 02:15:00 --- SMARTDOWN: (logger) Open connections (0). Try it later.
2017-11-14 03:15:00 --- SMARTDOWN: (logger) Open connections (0). Try it later.
2017-11-14 04:15:00 --- SMARTDOWN: (logger) Open connections (0). Try it later.
2017-11-14 04:50:00 --- SMARTDOWN: (safe) Shutdown now...
2017-11-14 04:50:00 --- SMARTDOWN: Shutdown ... 
2017-11-18 10:15:00 --- SMARTDOWN: (logger) Open connections (0). Try it later.
2017-11-18 11:15:00 --- SMARTDOWN: (logger) Open connections (0). Try it later.
2017-11-18 12:15:00 --- SMARTDOWN: (logger) Open connections (2). Try it later.
2017-11-18 13:15:00 --- SMARTDOWN: (logger) Open connections (2). Try it later.
2017-11-18 14:15:00 --- SMARTDOWN: (logger) Open connections (2). Try it later.
2017-11-18 15:15:00 --- SMARTDOWN: (logger) Open connections (2). Try it later.
2017-11-18 16:15:00 --- SMARTDOWN: (logger) Open connections (2). Try it later.
2017-11-18 17:15:00 --- SMARTDOWN: (logger) Open connections (2). Try it later.
2017-11-18 18:15:00 --- SMARTDOWN: (logger) Open connections (0). Try it later.
2017-11-18 19:15:00 --- SMARTDOWN: (logger) Open connections (0). Try it later.
2017-11-18 20:15:00 --- SMARTDOWN: (logger) Open connections (0). Try it later.
2017-11-18 21:15:00 --- SMARTDOWN: (logger) Open connections (0). Try it later.
2017-11-18 22:15:00 --- SMARTDOWN: (logger) Open connections (0). Try it later.
2017-11-18 23:15:00 --- SMARTDOWN: (logger) Open connections (0). Try it later.
2017-11-19 00:15:00 --- SMARTDOWN: (logger) Open connections (0). Try it later.
2017-11-19 01:15:00 --- SMARTDOWN: (logger) Open connections (0). Try it later.
2017-11-19 02:15:00 --- SMARTDOWN: (logger) Open connections (0). Try it later.
2017-11-19 03:15:00 --- SMARTDOWN: (logger) Open connections (0). Try it later.
2017-11-19 04:15:00 --- SMARTDOWN: (logger) Open connections (0). Try it later.
2017-11-19 04:50:00 --- SMARTDOWN: (safe) Shutdown now...
2017-11-19 04:50:00 --- SMARTDOWN: Shutdown ... 
2017-12-03 13:15:00 --- SMARTDOWN: (logger) Open connections (0). Try it later.
2017-12-03 14:15:00 --- SMARTDOWN: (logger) Open connections (0). Try it later.
2017-12-03 15:15:00 --- SMARTDOWN: (logger) Open connections (0). Try it later.
2017-12-03 16:15:00 --- SMARTDOWN: (logger) Open connections (0). Try it later.
2017-12-03 17:15:00 --- SMARTDOWN: (logger) Open connections (0). Try it later.
2017-12-03 18:15:00 --- SMARTDOWN: (logger) Open connections (0). Try it later.
2017-12-03 19:15:00 --- SMARTDOWN: (logger) Open connections (0). Try it later.
2017-12-03 20:15:00 --- SMARTDOWN: (logger) Open connections (0). Try it later.
2017-12-03 21:15:00 --- SMARTDOWN: (logger) Open connections (0). Try it later.
2017-12-03 22:15:00 --- SMARTDOWN: (logger) Open connections (0). Try it later.
2017-12-03 23:15:00 --- SMARTDOWN: (logger) Open connections (0). Try it later.
2017-12-04 00:15:00 --- SMARTDOWN: (logger) Open connections (0). Try it later.
2017-12-04 01:15:00 --- SMARTDOWN: (logger) Open connections (0). Try it later.
2017-12-04 02:15:00 --- SMARTDOWN: (logger) Open connections (0). Try it later.
2017-12-04 03:15:00 --- SMARTDOWN: (logger) Open connections (0). Try it later.
2017-12-04 04:15:00 --- SMARTDOWN: (logger) Open connections (0). Try it later.
2017-12-04 04:50:00 --- SMARTDOWN: (safe) Shutdown now...
2017-12-04 04:50:00 --- SMARTDOWN: Shutdown ... 
2017-12-23 00:15:00 --- SMARTDOWN: (logger) Open connections (0). Try it later.
2017-12-23 01:15:00 --- SMARTDOWN: (logger) Open connections (1). Try it later.
2017-12-23 02:15:00 --- SMARTDOWN: (logger) Open connections (0). Try it later.
2017-12-23 03:15:00 --- SMARTDOWN: (logger) Open connections (0). Try it later.
2017-12-23 04:15:00 --- SMARTDOWN: (logger) Open connections (0). Try it later.
2017-12-23 04:50:00 --- SMARTDOWN: (safe) Shutdown now...
2017-12-23 04:50:00 --- SMARTDOWN: Shutdown ... 
2017-12-23 21:15:00 --- SMARTDOWN: (logger) Open connections (1). Try it later.
2017-12-23 22:15:00 --- SMARTDOWN: (logger) Open connections (0). Try it later.
2017-12-23 23:15:00 --- SMARTDOWN: (logger) Open connections (0). Try it later.
2017-12-24 00:15:00 --- SMARTDOWN: (logger) Open connections (0). Try it later.
2017-12-24 01:15:00 --- SMARTDOWN: (logger) Open connections (0). Try it later.
2017-12-24 02:15:00 --- SMARTDOWN: (logger) Open connections (0). Try it later.
2017-12-24 03:15:00 --- SMARTDOWN: (logger) Open connections (0). Try it later.
2017-12-24 04:15:00 --- SMARTDOWN: (logger) Open connections (0). Try it later.
2017-12-24 04:50:00 --- SMARTDOWN: (safe) Shutdown now...
2017-12-24 04:50:00 --- SMARTDOWN: Shutdown ... 
2017-12-29 14:15:00 --- SMARTDOWN: (logger) Open connections (0). Try it later.
2017-12-29 15:15:00 --- SMARTDOWN: (logger) Open connections (3). Try it later.
2017-12-29 16:15:00 --- SMARTDOWN: (logger) Open connections (1). Try it later.
2017-12-29 17:15:00 --- SMARTDOWN: (logger) Open connections (1). Try it later.
2017-12-29 18:15:00 --- SMARTDOWN: (logger) Open connections (1). Try it later.
2017-12-29 19:15:00 --- SMARTDOWN: (logger) Open connections (1). Try it later.
2017-12-29 20:15:00 --- SMARTDOWN: (logger) Open connections (3). Try it later.
2017-12-29 21:15:00 --- SMARTDOWN: (logger) Open connections (3). Try it later.
2017-12-29 22:15:00 --- SMARTDOWN: (logger) Open connections (3). Try it later.
2017-12-29 23:15:00 --- SMARTDOWN: (logger) Open connections (3). Try it later.
2017-12-30 00:15:00 --- SMARTDOWN: (logger) Open connections (0). Try it later.
2017-12-30 01:15:00 --- SMARTDOWN: (logger) Open connections (0). Try it later.
2017-12-30 02:15:00 --- SMARTDOWN: (logger) Open connections (0). Try it later.
2017-12-30 03:15:00 --- SMARTDOWN: (logger) Open connections (0). Try it later.
2017-12-30 04:15:00 --- SMARTDOWN: (logger) Open connections (0). Try it later.
2017-12-30 04:50:00 --- SMARTDOWN: (safe) Shutdown now...
2017-12-30 04:50:00 --- SMARTDOWN: Shutdown ... 
2017-12-31 12:15:00 --- SMARTDOWN: (logger) Open connections (0). Try it later.
2017-12-31 13:15:00 --- SMARTDOWN: (logger) Open connections (4). Try it later.
2017-12-31 14:15:00 --- SMARTDOWN: (logger) Open connections (0). Try it later.
2017-12-31 15:15:00 --- SMARTDOWN: (logger) Open connections (2). Try it later.
2017-12-31 16:15:00 --- SMARTDOWN: (logger) Open connections (2). Try it later.
2017-12-31 17:15:00 --- SMARTDOWN: (logger) Open connections (0). Try it later.
2017-12-31 18:15:00 --- SMARTDOWN: (logger) Open connections (0). Try it later.
2017-12-31 19:15:00 --- SMARTDOWN: (logger) Open connections (0). Try it later.
2017-12-31 20:15:00 --- SMARTDOWN: (logger) Open connections (0). Try it later.
2017-12-31 21:15:00 --- SMARTDOWN: (logger) Open connections (0). Try it later.
2017-12-31 22:15:00 --- SMARTDOWN: (logger) Open connections (0). Try it later.
2017-12-31 23:15:00 --- SMARTDOWN: (logger) Open connections (0). Try it later.
2018-01-01 00:15:00 --- SMARTDOWN: (logger) Open connections (0). Try it later.
2018-01-01 01:15:00 --- SMARTDOWN: (logger) Open connections (0). Try it later.
2018-01-01 02:15:00 --- SMARTDOWN: (logger) Open connections (0). Try it later.
2018-01-01 03:15:00 --- SMARTDOWN: (logger) Open connections (0). Try it later.
2018-01-01 04:15:00 --- SMARTDOWN: (logger) Open connections (0). Try it later.
2018-01-01 04:50:00 --- SMARTDOWN: (safe) Shutdown now...
2018-01-01 04:50:00 --- SMARTDOWN: Shutdown ... 
2018-01-03 22:15:00 --- SMARTDOWN: (logger) Open connections (3). Try it later.
2018-01-03 23:15:00 --- SMARTDOWN: (logger) Open connections (0). Try it later.
2018-01-04 00:15:00 --- SMARTDOWN: (logger) Open connections (0). Try it later.
2018-01-04 01:15:00 --- SMARTDOWN: (logger) Open connections (0). Try it later.
2018-01-04 02:15:00 --- SMARTDOWN: (logger) Open connections (0). Try it later.
2018-01-04 03:15:00 --- SMARTDOWN: (logger) Open connections (0). Try it later.
2018-01-04 04:15:00 --- SMARTDOWN: (logger) Open connections (0). Try it later.
2018-01-04 04:50:00 --- SMARTDOWN: (safe) Shutdown now...
2018-01-04 04:50:00 --- SMARTDOWN: Shutdown ... 
2018-01-07 09:15:00 --- SMARTDOWN: (logger) Open connections (0). Try it later.
2018-01-07 10:15:00 --- SMARTDOWN: (logger) Open connections (2). Try it later.
2018-01-07 11:15:00 --- SMARTDOWN: (logger) Open connections (2). Try it later.
2018-01-07 12:15:00 --- SMARTDOWN: (logger) Open connections (1). Try it later.
2018-01-07 13:15:00 --- SMARTDOWN: (logger) Open connections (1). Try it later.
2018-01-07 14:15:00 --- SMARTDOWN: (logger) Open connections (0). Try it later.
2018-01-07 15:15:00 --- SMARTDOWN: (logger) Open connections (0). Try it later.
2018-01-07 16:15:00 --- SMARTDOWN: (logger) Open connections (0). Try it later.
2018-01-07 17:15:00 --- SMARTDOWN: (logger) Open connections (2). Try it later.
2018-01-07 18:15:00 --- SMARTDOWN: (logger) Open connections (0). Try it later.
2018-01-07 19:15:00 --- SMARTDOWN: (logger) Open connections (0). Try it later.
2018-01-07 20:15:00 --- SMARTDOWN: (logger) Open connections (0). Try it later.
2018-01-07 21:15:00 --- SMARTDOWN: (logger) Open connections (0). Try it later.
2018-01-07 22:15:00 --- SMARTDOWN: (logger) Open connections (0). Try it later.
2018-01-07 23:15:00 --- SMARTDOWN: (logger) Open connections (0). Try it later.
2018-01-08 00:15:00 --- SMARTDOWN: (logger) Open connections (0). Try it later.
2018-01-08 01:15:00 --- SMARTDOWN: (logger) Open connections (0). Try it later.
2018-01-08 02:15:00 --- SMARTDOWN: (logger) Open connections (0). Try it later.
2018-01-08 03:15:00 --- SMARTDOWN: (logger) Open connections (0). Try it later.
2018-01-08 04:15:00 --- SMARTDOWN: (logger) Open connections (0). Try it later.
2018-01-08 04:50:00 --- SMARTDOWN: (safe) Shutdown now...
2018-01-08 04:50:00 --- SMARTDOWN: Shutdown ... 
2018-01-08 19:15:00 --- SMARTDOWN: (logger) Open connections (0). Try it later.
2018-01-08 20:15:00 --- SMARTDOWN: (logger) Open connections (0). Try it later.
2018-01-08 21:15:00 --- SMARTDOWN: (logger) Open connections (0). Try it later.
2018-01-08 22:15:00 --- SMARTDOWN: (logger) Open connections (0). Try it later.
2018-01-08 23:15:00 --- SMARTDOWN: (logger) Open connections (0). Try it later.
2018-01-09 00:15:00 --- SMARTDOWN: (logger) Open connections (0). Try it later.
2018-01-09 01:15:00 --- SMARTDOWN: (logger) Open connections (0). Try it later.
2018-01-09 02:15:00 --- SMARTDOWN: (logger) Open connections (0). Try it later.
2018-01-09 03:15:00 --- SMARTDOWN: (logger) Open connections (0). Try it later.
2018-01-09 04:15:00 --- SMARTDOWN: (logger) Open connections (0). Try it later.
2018-01-09 04:50:00 --- SMARTDOWN: (safe) Shutdown now...
2018-01-09 04:50:00 --- SMARTDOWN: Shutdown ... 
2018-01-13 19:15:00 --- SMARTDOWN: (logger) Open connections (3). Try it later.
2018-01-13 20:15:00 --- SMARTDOWN: (logger) Open connections (2). Try it later.
2018-01-13 21:15:00 --- SMARTDOWN: (logger) Open connections (2). Try it later.
2018-01-13 22:15:00 --- SMARTDOWN: (logger) Open connections (2). Try it later.
2018-01-13 23:15:00 --- SMARTDOWN: (logger) Open connections (0). Try it later.
2018-01-14 00:15:00 --- SMARTDOWN: (logger) Open connections (0). Try it later.
2018-01-14 01:15:00 --- SMARTDOWN: (logger) Open connections (0). Try it later.
2018-01-14 02:15:00 --- SMARTDOWN: (logger) Open connections (0). Try it later.
2018-01-14 03:15:00 --- SMARTDOWN: (logger) Open connections (0). Try it later.
2018-01-14 04:15:00 --- SMARTDOWN: (logger) Open connections (0). Try it later.
2018-01-14 04:50:00 --- SMARTDOWN: (safe) Shutdown now...
2018-01-14 04:50:00 --- SMARTDOWN: Shutdown ... 
2018-01-14 19:15:00 --- SMARTDOWN: (logger) Open connections (0). Try it later.
2018-01-14 20:15:00 --- SMARTDOWN: (logger) Open connections (0). Try it later.
2018-01-14 21:15:00 --- SMARTDOWN: (logger) Open connections (5). Try it later.
2018-01-14 22:15:00 --- SMARTDOWN: (logger) Open connections (0). Try it later.
2018-01-14 23:15:00 --- SMARTDOWN: (logger) Open connections (0). Try it later.
2018-01-15 00:15:00 --- SMARTDOWN: (logger) Open connections (0). Try it later.
2018-01-15 01:15:00 --- SMARTDOWN: (logger) Open connections (0). Try it later.
2018-01-15 02:15:00 --- SMARTDOWN: (logger) Open connections (0). Try it later.
2018-01-15 03:15:00 --- SMARTDOWN: (logger) Open connections (0). Try it later.
2018-01-15 04:15:00 --- SMARTDOWN: (logger) Open connections (0). Try it later.
2018-01-15 04:50:00 --- SMARTDOWN: (safe) Shutdown now...
2018-01-15 04:50:00 --- SMARTDOWN: Shutdown ... 
2018-01-15 20:15:00 --- SMARTDOWN: (logger) Open connections (0). Try it later.
2018-01-15 21:15:00 --- SMARTDOWN: (logger) Open connections (0). Try it later.
2018-01-15 22:15:00 --- SMARTDOWN: (logger) Open connections (0). Try it later.
2018-01-15 23:15:00 --- SMARTDOWN: (logger) Open connections (0). Try it later.
2018-01-16 00:15:00 --- SMARTDOWN: (logger) Open connections (0). Try it later.
2018-01-16 01:15:00 --- SMARTDOWN: (logger) Open connections (0). Try it later.
2018-01-16 02:15:00 --- SMARTDOWN: (logger) Open connections (0). Try it later.
2018-01-16 03:15:00 --- SMARTDOWN: (logger) Open connections (0). Try it later.
2018-01-16 04:15:00 --- SMARTDOWN: (logger) Open connections (0). Try it later.
2018-01-16 04:50:00 --- SMARTDOWN: (safe) Shutdown now...
2018-01-16 04:50:00 --- SMARTDOWN: Shutdown ... 
2018-01-19 17:15:00 --- SMARTDOWN: (logger) Open connections (0). Try it later.
2018-01-19 18:15:00 --- SMARTDOWN: (logger) Open connections (0). Try it later.
2018-01-19 19:15:00 --- SMARTDOWN: (logger) Open connections (0). Try it later.
2018-01-19 20:15:00 --- SMARTDOWN: (logger) Open connections (0). Try it later.
2018-01-19 21:15:00 --- SMARTDOWN: (logger) Open connections (0). Try it later.
2018-01-19 22:15:00 --- SMARTDOWN: (logger) Open connections (0). Try it later.
2018-01-19 23:15:00 --- SMARTDOWN: (logger) Open connections (0). Try it later.
2018-01-20 00:15:00 --- SMARTDOWN: (logger) Open connections (0). Try it later.
2018-01-20 01:15:00 --- SMARTDOWN: (logger) Open connections (0). Try it later.
2018-01-20 02:15:00 --- SMARTDOWN: (logger) Open connections (0). Try it later.
2018-01-20 03:15:00 --- SMARTDOWN: (logger) Open connections (0). Try it later.
2018-01-20 04:15:00 --- SMARTDOWN: (logger) Open connections (0). Try it later.
2018-01-20 04:50:00 --- SMARTDOWN: (safe) Shutdown now...
2018-01-20 04:50:00 --- SMARTDOWN: Shutdown ... 
2018-01-20 13:15:00 --- SMARTDOWN: (logger) Open connections (0). Try it later.
2018-01-20 14:15:00 --- SMARTDOWN: (logger) Open connections (0). Try it later.
2018-01-20 15:15:00 --- SMARTDOWN: (logger) Open connections (0). Try it later.
2018-01-20 16:15:00 --- SMARTDOWN: (logger) Open connections (0). Try it later.
2018-01-20 17:15:00 --- SMARTDOWN: (logger) Open connections (0). Try it later.
2018-01-20 18:15:00 --- SMARTDOWN: (logger) Open connections (0). Try it later.
2018-01-20 19:15:00 --- SMARTDOWN: (logger) Open connections (0). Try it later.
2018-01-20 20:15:00 --- SMARTDOWN: (logger) Open connections (0). Try it later.
2018-01-20 21:15:00 --- SMARTDOWN: (logger) Open connections (0). Try it later.
2018-01-20 22:15:00 --- SMARTDOWN: (logger) Open connections (0). Try it later.
2018-01-20 23:15:00 --- SMARTDOWN: (logger) Open connections (0). Try it later.
2018-01-21 00:15:00 --- SMARTDOWN: (logger) Open connections (0). Try it later.
2018-01-21 01:15:00 --- SMARTDOWN: (logger) Open connections (0). Try it later.
2018-01-21 02:15:00 --- SMARTDOWN: (logger) Open connections (0). Try it later.
2018-01-21 03:15:00 --- SMARTDOWN: (logger) Open connections (0). Try it later.
2018-01-21 04:15:00 --- SMARTDOWN: (logger) Open connections (0). Try it later.
2018-01-21 04:50:00 --- SMARTDOWN: (safe) Shutdown now...
2018-01-21 04:50:00 --- SMARTDOWN: Shutdown ... 
2018-01-28 19:15:00 --- SMARTDOWN: (logger) Open connections (0). Try it later.
2018-01-28 20:15:00 --- SMARTDOWN: (logger) Open connections (0). Try it later.
2018-01-28 21:15:00 --- SMARTDOWN: (logger) Open connections (0). Try it later.
2018-01-28 22:15:00 --- SMARTDOWN: (logger) Open connections (0). Try it later.
2018-01-28 23:15:00 --- SMARTDOWN: (logger) Open connections (0). Try it later.
2018-01-29 00:15:00 --- SMARTDOWN: (logger) Open connections (0). Try it later.
2018-01-29 01:15:00 --- SMARTDOWN: (logger) Open connections (0). Try it later.
2018-01-29 02:15:00 --- SMARTDOWN: (logger) Open connections (0). Try it later.
2018-01-29 03:15:00 --- SMARTDOWN: (logger) Open connections (0). Try it later.
2018-01-29 04:15:00 --- SMARTDOWN: (logger) Open connections (0). Try it later.
2018-01-29 04:50:00 --- SMARTDOWN: (safe) Shutdown now...
2018-01-29 04:50:00 --- SMARTDOWN: Shutdown ... 
2018-01-30 20:15:00 --- SMARTDOWN: (logger) Open connections (0). Try it later.
2018-01-30 21:15:00 --- SMARTDOWN: (logger) Open connections (0). Try it later.
2018-01-30 22:15:00 --- SMARTDOWN: (logger) Open connections (1). Try it later.
2018-01-30 23:15:00 --- SMARTDOWN: (logger) Open connections (0). Try it later.
2018-01-31 00:15:00 --- SMARTDOWN: (logger) Open connections (0). Try it later.
2018-01-31 01:15:00 --- SMARTDOWN: (logger) Open connections (0). Try it later.
2018-01-31 02:15:00 --- SMARTDOWN: (logger) Open connections (0). Try it later.
2018-01-31 03:15:00 --- SMARTDOWN: (logger) Open connections (0). Try it later.
2018-01-31 04:15:00 --- SMARTDOWN: (logger) Open connections (0). Try it later.
2018-01-31 04:50:00 --- SMARTDOWN: (safe) Shutdown now...
2018-01-31 04:50:00 --- SMARTDOWN: Shutdown ... 
2018-02-02 16:15:00 --- SMARTDOWN: (logger) Open connections (0). Try it later.
2018-02-02 17:15:00 --- SMARTDOWN: (logger) Open connections (0). Try it later.
2018-02-02 18:15:00 --- SMARTDOWN: (logger) Open connections (0). Try it later.
2018-02-02 19:15:00 --- SMARTDOWN: (logger) Open connections (0). Try it later.
2018-02-02 20:15:00 --- SMARTDOWN: (logger) Open connections (0). Try it later.
2018-02-02 21:15:00 --- SMARTDOWN: (logger) Open connections (0). Try it later.
2018-02-02 22:15:00 --- SMARTDOWN: (logger) Open connections (0). Try it later.
2018-02-02 23:15:00 --- SMARTDOWN: (logger) Open connections (0). Try it later.
2018-02-03 00:15:00 --- SMARTDOWN: (logger) Open connections (0). Try it later.
2018-02-03 01:15:00 --- SMARTDOWN: (logger) Open connections (0). Try it later.
2018-02-03 02:15:00 --- SMARTDOWN: (logger) Open connections (0). Try it later.
2018-02-03 03:15:00 --- SMARTDOWN: (logger) Open connections (0). Try it later.
2018-02-03 04:15:00 --- SMARTDOWN: (logger) Open connections (0). Try it later.
2018-02-03 04:50:00 --- SMARTDOWN: (safe) Shutdown now...
2018-02-03 04:50:00 --- SMARTDOWN: Shutdown ... 
2018-02-04 13:15:00 --- SMARTDOWN: (logger) Open connections (0). Try it later.
2018-02-04 14:15:00 --- SMARTDOWN: (logger) Open connections (0). Try it later.
2018-02-04 15:15:00 --- SMARTDOWN: (logger) Open connections (0). Try it later.
2018-02-04 16:15:00 --- SMARTDOWN: (logger) Open connections (0). Try it later.
2018-02-04 17:15:00 --- SMARTDOWN: (logger) Open connections (0). Try it later.
2018-02-04 18:15:00 --- SMARTDOWN: (logger) Open connections (0). Try it later.
2018-02-04 19:15:00 --- SMARTDOWN: (logger) Open connections (0). Try it later.
2018-02-04 20:15:00 --- SMARTDOWN: (logger) Open connections (0). Try it later.
2018-02-04 21:15:00 --- SMARTDOWN: (logger) Open connections (0). Try it later.
2018-02-04 22:15:00 --- SMARTDOWN: (logger) Open connections (0). Try it later.
2018-02-04 23:15:00 --- SMARTDOWN: (logger) Open connections (0). Try it later.
2018-02-05 00:15:00 --- SMARTDOWN: (logger) Open connections (0). Try it later.
2018-02-05 01:15:00 --- SMARTDOWN: (logger) Open connections (0). Try it later.
2018-02-05 02:15:00 --- SMARTDOWN: (logger) Open connections (0). Try it later.
2018-02-05 03:15:00 --- SMARTDOWN: (logger) Open connections (0). Try it later.
2018-02-05 04:15:00 --- SMARTDOWN: (logger) Open connections (0). Try it later.
2018-02-05 04:50:00 --- SMARTDOWN: (safe) Shutdown now...
2018-02-05 04:50:00 --- SMARTDOWN: Shutdown ... 
2018-02-21 20:15:00 --- SMARTDOWN: (logger) Open connections (0). Try it later.
2018-02-21 21:15:00 --- SMARTDOWN: (logger) Open connections (0). Try it later.
2018-02-21 22:15:00 --- SMARTDOWN: (logger) Open connections (1). Try it later.
2018-02-21 23:15:00 --- SMARTDOWN: (logger) Open connections (3). Try it later.
2018-02-22 00:15:00 --- SMARTDOWN: (logger) Open connections (3). Try it later.
2018-02-22 01:15:00 --- SMARTDOWN: (logger) Open connections (3). Try it later.
2018-02-22 02:15:00 --- SMARTDOWN: (logger) Open connections (3). Try it later.
2018-02-22 03:15:00 --- SMARTDOWN: (logger) Open connections (3). Try it later.
2018-02-22 04:15:00 --- SMARTDOWN: (logger) Open connections (3). Try it later.
2018-02-22 04:50:00 --- SMARTDOWN: (safe) Open connections (2). Try it later.
2018-02-22 04:53:00 --- SMARTDOWN: (safe) Open connections (2). Try it later.
2018-02-22 04:56:00 --- SMARTDOWN: (safe) Open connections (2). Try it later.
2018-02-22 05:15:00 --- SMARTDOWN: (logger) Open connections (2). Try it later.
2018-02-22 05:50:00 --- SMARTDOWN: (safe) Open connections (2). Try it later.
2018-02-22 05:53:00 --- SMARTDOWN: (safe) Open connections (2). Try it later.
2018-02-22 05:56:00 --- SMARTDOWN: (safe) Open connections (2). Try it later.
2018-02-22 06:15:00 --- SMARTDOWN: (logger) Open connections (2). Try it later.
2018-02-22 07:15:00 --- SMARTDOWN: (logger) Open connections (0). Try it later.
2018-02-22 08:15:00 --- SMARTDOWN: (logger) Open connections (0). Try it later.
2018-02-22 09:15:00 --- SMARTDOWN: (logger) Open connections (0). Try it later.
2018-02-22 10:15:00 --- SMARTDOWN: (logger) Open connections (0). Try it later.
2018-02-22 11:15:00 --- SMARTDOWN: (logger) Open connections (0). Try it later.
2018-02-22 12:15:00 --- SMARTDOWN: (logger) Open connections (0). Try it later.
2018-02-22 13:15:00 --- SMARTDOWN: (logger) Open connections (0). Try it later.
2018-02-22 14:15:00 --- SMARTDOWN: (logger) Open connections (0). Try it later.
2018-02-22 15:15:00 --- SMARTDOWN: (logger) Open connections (0). Try it later.
2018-02-22 16:15:00 --- SMARTDOWN: (logger) Open connections (0). Try it later.
2018-02-22 17:15:00 --- SMARTDOWN: (logger) Open connections (0). Try it later.
2018-02-22 18:15:00 --- SMARTDOWN: (logger) Open connections (2). Try it later.
2018-02-22 19:15:00 --- SMARTDOWN: (logger) Open connections (0). Try it later.
2018-02-22 20:15:00 --- SMARTDOWN: (logger) Open connections (0). Try it later.
2018-02-22 21:15:00 --- SMARTDOWN: (logger) Open connections (0). Try it later.
2018-02-22 22:15:00 --- SMARTDOWN: (logger) Open connections (0). Try it later.
2018-02-22 23:15:00 --- SMARTDOWN: (logger) Open connections (0). Try it later.
2018-02-23 00:15:00 --- SMARTDOWN: (logger) Open connections (0). Try it later.
2018-02-23 01:15:00 --- SMARTDOWN: (logger) Open connections (0). Try it later.
2018-02-23 02:15:00 --- SMARTDOWN: (logger) Open connections (0). Try it later.
2018-02-23 03:15:00 --- SMARTDOWN: (logger) Open connections (0). Try it later.
2018-02-23 04:15:00 --- SMARTDOWN: (logger) Open connections (0). Try it later.
2018-02-23 04:50:00 --- SMARTDOWN: (safe) Shutdown now...
2018-02-23 04:50:00 --- SMARTDOWN: Shutdown ... 
2018-02-24 19:15:00 --- SMARTDOWN: (logger) Open connections (0). Try it later.
2018-02-24 20:15:00 --- SMARTDOWN: (logger) Open connections (0). Try it later.
2018-02-24 21:15:00 --- SMARTDOWN: (logger) Open connections (0). Try it later.
2018-02-24 22:15:00 --- SMARTDOWN: (logger) Open connections (0). Try it later.
2018-02-24 23:15:00 --- SMARTDOWN: (logger) Open connections (0). Try it later.
2018-02-25 00:15:00 --- SMARTDOWN: (logger) Open connections (0). Try it later.
2018-02-25 01:15:00 --- SMARTDOWN: (logger) Open connections (0). Try it later.
2018-02-25 02:15:00 --- SMARTDOWN: (logger) Open connections (0). Try it later.
2018-02-25 03:15:00 --- SMARTDOWN: (logger) Open connections (0). Try it later.
2018-02-25 04:15:00 --- SMARTDOWN: (logger) Open connections (0). Try it later.
2018-02-25 04:50:00 --- SMARTDOWN: (safe) Shutdown now...
2018-02-25 04:50:00 --- SMARTDOWN: Shutdown ... 
2018-02-25 10:15:00 --- SMARTDOWN: (logger) Open connections (0). Try it later.
2018-02-25 11:15:00 --- SMARTDOWN: (logger) Open connections (0). Try it later.
2018-03-19 20:15:00 --- SMARTDOWN: (logger) Open connections (0). Try it later.
2018-03-19 21:15:00 --- SMARTDOWN: (logger) Open connections (0). Try it later.
2018-03-19 22:15:00 --- SMARTDOWN: (logger) Open connections (0). Try it later.
2018-03-19 23:15:00 --- SMARTDOWN: (logger) Open connections (0). Try it later.
2018-03-20 00:15:00 --- SMARTDOWN: (logger) Open connections (0). Try it later.
2018-03-20 01:15:00 --- SMARTDOWN: (logger) Open connections (0). Try it later.
2018-03-20 02:15:00 --- SMARTDOWN: (logger) Open connections (0). Try it later.
2018-03-20 03:15:00 --- SMARTDOWN: (logger) Open connections (0). Try it later.
2018-03-20 04:15:00 --- SMARTDOWN: (logger) Open connections (0). Try it later.
2018-03-20 04:50:00 --- SMARTDOWN: (safe) Shutdown now...
2018-03-20 04:50:00 --- SMARTDOWN: Shutdown ... 
2018-04-21 12:15:00 --- SMARTDOWN: (logger) Open connections (0). Try it later.
2018-04-21 13:15:00 --- SMARTDOWN: (logger) Open connections (0). Try it later.
2018-04-21 14:15:00 --- SMARTDOWN: (logger) Open connections (0). Try it later.
2018-04-21 15:15:00 --- SMARTDOWN: (logger) Open connections (0). Try it later.
2018-04-21 16:15:00 --- SMARTDOWN: (logger) Open connections (0). Try it later.
2018-04-21 17:15:00 --- SMARTDOWN: (logger) Open connections (0). Try it later.
2018-04-21 18:15:00 --- SMARTDOWN: (logger) Open connections (0). Try it later.
2018-04-21 19:15:00 --- SMARTDOWN: (logger) Open connections (0). Try it later.
2018-04-21 20:15:00 --- SMARTDOWN: (logger) Open connections (0). Try it later.
2018-04-21 21:15:00 --- SMARTDOWN: (logger) Open connections (0). Try it later.
2018-04-21 22:15:00 --- SMARTDOWN: (logger) Open connections (0). Try it later.
2018-04-21 23:15:00 --- SMARTDOWN: (logger) Open connections (0). Try it later.
2018-04-22 00:15:00 --- SMARTDOWN: (logger) Open connections (0). Try it later.
2018-04-22 01:15:00 --- SMARTDOWN: (logger) Open connections (0). Try it later.
2018-04-22 02:15:00 --- SMARTDOWN: (logger) Open connections (0). Try it later.
2018-04-22 03:15:00 --- SMARTDOWN: (logger) Open connections (0). Try it later.
2018-04-22 04:15:00 --- SMARTDOWN: (logger) Open connections (0). Try it later.
2018-04-22 04:50:00 --- SMARTDOWN: (safe) Shutdown now...
2018-04-22 04:50:00 --- SMARTDOWN: Shutdown ... 
2018-04-25 22:15:00 --- SMARTDOWN: (logger) Open connections (0). Try it later.
2018-04-25 23:15:00 --- SMARTDOWN: (logger) Open connections (0). Try it later.
2018-04-26 00:15:00 --- SMARTDOWN: (logger) Open connections (0). Try it later.
2018-04-26 01:15:00 --- SMARTDOWN: (logger) Open connections (0). Try it later.
2018-04-26 02:15:00 --- SMARTDOWN: (logger) Open connections (0). Try it later.
2018-04-26 03:15:00 --- SMARTDOWN: (logger) Open connections (0). Try it later.
2018-04-26 04:15:00 --- SMARTDOWN: (logger) Open connections (0). Try it later.
2018-04-26 04:50:00 --- SMARTDOWN: (safe) Shutdown now...
2018-04-26 04:50:00 --- SMARTDOWN: Shutdown ... 
2018-05-20 17:15:00 --- SMARTDOWN: (logger) Open connections (0). Try it later.
2018-05-20 18:15:00 --- SMARTDOWN: (logger) Open connections (0). Try it later.
2018-05-20 19:15:00 --- SMARTDOWN: (logger) Open connections (0). Try it later.
2018-05-20 20:15:00 --- SMARTDOWN: (logger) Open connections (0). Try it later.
2018-05-20 21:15:00 --- SMARTDOWN: (logger) Open connections (0). Try it later.
2018-05-20 22:15:00 --- SMARTDOWN: (logger) Open connections (0). Try it later.
2018-05-20 23:15:00 --- SMARTDOWN: (logger) Open connections (0). Try it later.
2018-05-21 00:15:00 --- SMARTDOWN: (logger) Open connections (0). Try it later.
2018-05-21 01:15:00 --- SMARTDOWN: (logger) Open connections (0). Try it later.
2018-05-21 02:15:00 --- SMARTDOWN: (logger) Open connections (0). Try it later.
2018-05-21 03:15:00 --- SMARTDOWN: (logger) Open connections (0). Try it later.
2018-05-21 04:15:00 --- SMARTDOWN: (logger) Open connections (0). Try it later.
2018-05-21 04:50:00 --- SMARTDOWN: (safe) Shutdown now...
2018-05-21 04:50:00 --- SMARTDOWN: Shutdown ... 
2018-05-29 17:15:00 --- SMARTDOWN: (logger) Open connections (0). Try it later.
2018-05-29 18:15:00 --- SMARTDOWN: (logger) Open connections (0). Try it later.
2018-05-29 19:15:00 --- SMARTDOWN: (logger) Open connections (0). Try it later.
2018-05-29 20:15:00 --- SMARTDOWN: (logger) Open connections (0). Try it later.
2018-05-29 21:15:00 --- SMARTDOWN: (logger) Open connections (0). Try it later.
2018-05-29 22:15:00 --- SMARTDOWN: (logger) Open connections (0). Try it later.
2018-05-29 23:15:00 --- SMARTDOWN: (logger) Open connections (0). Try it later.
2018-05-30 00:15:00 --- SMARTDOWN: (logger) Open connections (0). Try it later.
2018-05-30 01:15:00 --- SMARTDOWN: (logger) Open connections (0). Try it later.
2018-05-30 02:15:00 --- SMARTDOWN: (logger) Open connections (0). Try it later.
2018-05-30 03:15:00 --- SMARTDOWN: (logger) Open connections (0). Try it later.
2018-05-30 04:15:00 --- SMARTDOWN: (logger) Open connections (0). Try it later.
2018-05-30 04:50:00 --- SMARTDOWN: (safe) Shutdown now...
2018-05-30 04:50:00 --- SMARTDOWN: Shutdown ... 
2018-06-01 16:15:00 --- SMARTDOWN: (logger) Open connections (2). Try it later.
2018-06-01 17:15:00 --- SMARTDOWN: (logger) Open connections (4). Try it later.
2018-06-01 18:15:00 --- SMARTDOWN: (logger) Open connections (0). Try it later.
2018-06-01 19:15:00 --- SMARTDOWN: (logger) Open connections (0). Try it later.
2018-06-01 20:15:00 --- SMARTDOWN: (logger) Open connections (0). Try it later.
2018-06-01 21:15:00 --- SMARTDOWN: (logger) Open connections (0). Try it later.
2018-06-01 22:15:00 --- SMARTDOWN: (logger) Open connections (0). Try it later.
2018-06-01 23:15:00 --- SMARTDOWN: (logger) Open connections (0). Try it later.
2018-06-02 00:15:00 --- SMARTDOWN: (logger) Open connections (0). Try it later.
2018-06-02 01:15:00 --- SMARTDOWN: (logger) Open connections (0). Try it later.
2018-06-02 02:15:00 --- SMARTDOWN: (logger) Open connections (0). Try it later.
2018-06-02 03:15:00 --- SMARTDOWN: (logger) Open connections (0). Try it later.
2018-06-02 04:15:00 --- SMARTDOWN: (logger) Open connections (0). Try it later.
2018-06-02 04:50:00 --- SMARTDOWN: (safe) Shutdown now...
2018-06-02 04:50:00 --- SMARTDOWN: Shutdown ... 
2018-07-05 21:15:00 --- SMARTDOWN: (logger) Open connections (0). Try it later.
2018-07-05 22:15:00 --- SMARTDOWN: (logger) Open connections (0). Try it later.
2018-07-05 23:15:00 --- SMARTDOWN: (logger) Open connections (0). Try it later.
2018-07-06 00:15:00 --- SMARTDOWN: (logger) Open connections (0). Try it later.
2018-07-06 01:15:00 --- SMARTDOWN: (logger) Open connections (0). Try it later.
2018-07-06 02:15:00 --- SMARTDOWN: (logger) Open connections (0). Try it later.
2018-07-06 03:15:00 --- SMARTDOWN: (logger) Open connections (0). Try it later.
2018-07-06 04:15:00 --- SMARTDOWN: (logger) Open connections (0). Try it later.
2018-07-06 04:50:00 --- SMARTDOWN: (safe) Shutdown now...
2018-07-06 04:50:00 --- SMARTDOWN: Shutdown ... 
2018-07-13 14:15:00 --- SMARTDOWN: (logger) Open connections (0). Try it later.
2018-07-13 15:15:00 --- SMARTDOWN: (logger) Open connections (0). Try it later.
2018-07-13 16:15:00 --- SMARTDOWN: (logger) Open connections (0). Try it later.
2018-07-13 17:15:00 --- SMARTDOWN: (logger) Open connections (0). Try it later.
2018-08-05 13:15:00 --- SMARTDOWN: (logger) Open connections (0). Try it later.
2018-08-05 14:15:00 --- SMARTDOWN: (logger) Open connections (0). Try it later.
2018-08-05 15:15:00 --- SMARTDOWN: (logger) Open connections (0). Try it later.
2018-08-05 16:15:00 --- SMARTDOWN: (logger) Open connections (0). Try it later.
2018-08-05 17:15:00 --- SMARTDOWN: (logger) Open connections (0). Try it later.
2018-08-05 18:15:00 --- SMARTDOWN: (logger) Open connections (0). Try it later.
2018-08-05 19:15:00 --- SMARTDOWN: (logger) Open connections (0). Try it later.
2018-08-05 20:15:00 --- SMARTDOWN: (logger) Open connections (0). Try it later.
2018-08-05 21:15:00 --- SMARTDOWN: (logger) Open connections (0). Try it later.
2018-08-05 22:15:00 --- SMARTDOWN: (logger) Open connections (0). Try it later.
2018-08-05 23:15:00 --- SMARTDOWN: (logger) Open connections (0). Try it later.
2018-08-06 00:15:00 --- SMARTDOWN: (logger) Open connections (0). Try it later.
2018-08-06 01:15:00 --- SMARTDOWN: (logger) Open connections (0). Try it later.
2018-08-06 02:15:00 --- SMARTDOWN: (logger) Open connections (0). Try it later.
2018-08-06 03:15:00 --- SMARTDOWN: (logger) Open connections (0). Try it later.
2018-08-06 04:15:00 --- SMARTDOWN: (logger) Open connections (0). Try it later.
2018-08-06 04:50:00 --- SMARTDOWN: (safe) Shutdown now...
2018-08-06 04:50:00 --- SMARTDOWN: Shutdown ... 
2018-09-15 12:15:00 --- SMARTDOWN: (logger) Open connections (0). Try it later.
2018-09-15 13:15:00 --- SMARTDOWN: (logger) Open connections (0). Try it later.
2018-09-15 14:15:00 --- SMARTDOWN: (logger) Open connections (0). Try it later.
2018-09-15 15:15:00 --- SMARTDOWN: (logger) Open connections (0). Try it later.
2018-09-15 16:15:00 --- SMARTDOWN: (logger) Open connections (0). Try it later.
2018-09-15 17:15:00 --- SMARTDOWN: (logger) Open connections (0). Try it later.
2018-09-15 18:15:00 --- SMARTDOWN: (logger) Open connections (0). Try it later.
2018-09-15 19:15:00 --- SMARTDOWN: (logger) Open connections (0). Try it later.
2018-09-15 20:15:00 --- SMARTDOWN: (logger) Open connections (0). Try it later.
2018-09-15 21:15:00 --- SMARTDOWN: (logger) Open connections (0). Try it later.
2018-09-15 22:15:00 --- SMARTDOWN: (logger) Open connections (0). Try it later.
2018-09-15 23:15:00 --- SMARTDOWN: (logger) Open connections (0). Try it later.
2018-09-16 00:15:00 --- SMARTDOWN: (logger) Open connections (0). Try it later.
2018-09-16 01:15:00 --- SMARTDOWN: (logger) Open connections (0). Try it later.
2018-09-16 02:15:00 --- SMARTDOWN: (logger) Open connections (0). Try it later.
2018-09-16 03:15:00 --- SMARTDOWN: (logger) Open connections (0). Try it later.
2018-09-16 04:15:00 --- SMARTDOWN: (logger) Open connections (0). Try it later.
2018-09-16 04:50:00 --- SMARTDOWN: (safe) Shutdown now...
2018-09-16 04:50:00 --- SMARTDOWN: Shutdown ... 
2018-10-27 12:15:00 --- SMARTDOWN: (logger) Open connections (0). Try it later.
2018-10-27 13:15:00 --- SMARTDOWN: (logger) Open connections (1). Try it later.
2018-10-27 14:15:00 --- SMARTDOWN: (logger) Open connections (1). Try it later.
2018-10-27 15:15:00 --- SMARTDOWN: (logger) Open connections (1). Try it later.
2018-10-27 16:15:00 --- SMARTDOWN: (logger) Open connections (1). Try it later.
2018-10-27 17:15:00 --- SMARTDOWN: (logger) Open connections (0). Try it later.
2018-10-27 18:15:00 --- SMARTDOWN: (logger) Open connections (0). Try it later.
2018-10-27 19:15:00 --- SMARTDOWN: (logger) Open connections (0). Try it later.
2018-10-27 20:15:00 --- SMARTDOWN: (logger) Open connections (0). Try it later.
2018-10-27 21:15:00 --- SMARTDOWN: (logger) Open connections (0). Try it later.
2018-10-27 22:15:00 --- SMARTDOWN: (logger) Open connections (0). Try it later.
2018-10-27 23:15:00 --- SMARTDOWN: (logger) Open connections (0). Try it later.
2018-10-28 00:15:01 --- SMARTDOWN: (logger) Open connections (0). Try it later.
2018-10-28 01:15:00 --- SMARTDOWN: (logger) Open connections (0). Try it later.
2018-10-28 02:15:00 --- SMARTDOWN: (logger) Open connections (0). Try it later.
2018-10-28 02:15:00 --- SMARTDOWN: (logger) Open connections (0). Try it later.
2018-10-28 03:15:00 --- SMARTDOWN: (logger) Open connections (0). Try it later.
2018-10-28 04:15:00 --- SMARTDOWN: (logger) Open connections (0). Try it later.
2018-10-28 04:50:00 --- SMARTDOWN: (safe) Shutdown now...
2018-10-28 04:50:00 --- SMARTDOWN: Shutdown ... 
2018-11-04 16:15:00 --- SMARTDOWN: (logger) Open connections (0). Try it later.
2018-11-04 17:15:00 --- SMARTDOWN: (logger) Open connections (0). Try it later.
2018-11-04 18:15:00 --- SMARTDOWN: (logger) Open connections (0). Try it later.
2018-11-04 19:15:00 --- SMARTDOWN: (logger) Open connections (0). Try it later.
2018-11-04 20:15:00 --- SMARTDOWN: (logger) Open connections (0). Try it later.
2018-11-04 21:15:00 --- SMARTDOWN: (logger) Open connections (2). Try it later.
2018-11-04 22:15:00 --- SMARTDOWN: (logger) Open connections (0). Try it later.
2018-11-04 23:15:00 --- SMARTDOWN: (logger) Open connections (0). Try it later.
2018-11-05 00:15:00 --- SMARTDOWN: (logger) Open connections (0). Try it later.
2018-11-05 01:15:00 --- SMARTDOWN: (logger) Open connections (0). Try it later.
2018-11-05 02:15:00 --- SMARTDOWN: (logger) Open connections (0). Try it later.
2018-11-05 03:15:00 --- SMARTDOWN: (logger) Open connections (0). Try it later.
2018-11-05 04:15:00 --- SMARTDOWN: (logger) Open connections (0). Try it later.
2018-11-05 04:50:00 --- SMARTDOWN: (safe) Shutdown now...
2018-11-05 04:50:00 --- SMARTDOWN: Shutdown ... 
2018-12-27 18:15:00 --- SMARTDOWN: (logger) Open connections (0). Try it later.
2018-12-27 19:15:00 --- SMARTDOWN: (logger) Open connections (0). Try it later.
2018-12-27 20:15:00 --- SMARTDOWN: (logger) Open connections (0). Try it later.
2018-12-27 21:15:00 --- SMARTDOWN: (logger) Open connections (0). Try it later.
2018-12-27 22:15:00 --- SMARTDOWN: (logger) Open connections (0). Try it later.
2018-12-27 23:15:00 --- SMARTDOWN: (logger) Open connections (0). Try it later.
2018-12-28 00:15:00 --- SMARTDOWN: (logger) Open connections (0). Try it later.
2018-12-28 01:15:00 --- SMARTDOWN: (logger) Open connections (0). Try it later.
2018-12-28 02:15:00 --- SMARTDOWN: (logger) Open connections (0). Try it later.
2018-12-28 03:15:00 --- SMARTDOWN: (logger) Open connections (0). Try it later.
2018-12-28 04:15:00 --- SMARTDOWN: (logger) Open connections (0). Try it later.
2018-12-28 04:50:00 --- SMARTDOWN: (safe) Shutdown now...
2018-12-28 04:50:00 --- SMARTDOWN: Shutdown ... 
2019-01-05 21:15:00 --- SMARTDOWN: (logger) Open connections (0). Try it later.
2019-01-05 22:15:00 --- SMARTDOWN: (logger) Open connections (0). Try it later.
2019-01-05 23:15:00 --- SMARTDOWN: (logger) Open connections (0). Try it later.
2019-01-06 00:15:00 --- SMARTDOWN: (logger) Open connections (0). Try it later.
2019-01-06 01:15:00 --- SMARTDOWN: (logger) Open connections (0). Try it later.
2019-01-06 02:15:00 --- SMARTDOWN: (logger) Open connections (0). Try it later.
2019-01-06 03:15:00 --- SMARTDOWN: (logger) Open connections (0). Try it later.
2019-01-06 04:15:00 --- SMARTDOWN: (logger) Open connections (0). Try it later.
2019-01-06 04:50:00 --- SMARTDOWN: (safe) Shutdown now...
2019-01-06 04:50:00 --- SMARTDOWN: Shutdown ... 
2019-01-26 10:15:00 --- SMARTDOWN: (logger) Open connections (1). Try it later.
2019-01-26 11:15:00 --- SMARTDOWN: (logger) Open connections (1). Try it later.
2019-01-26 12:15:00 --- SMARTDOWN: (logger) Open connections (1). Try it later.
2019-01-26 13:15:00 --- SMARTDOWN: (logger) Open connections (1). Try it later.
2019-01-26 14:15:00 --- SMARTDOWN: (logger) Open connections (7). Try it later.
2019-01-26 15:15:00 --- SMARTDOWN: (logger) Open connections (0). Try it later.
2019-01-26 16:15:00 --- SMARTDOWN: (logger) Open connections (0). Try it later.
2019-01-26 17:15:00 --- SMARTDOWN: (logger) Open connections (0). Try it later.
2019-01-26 18:15:00 --- SMARTDOWN: (logger) Open connections (1). Try it later.
2019-01-26 19:15:00 --- SMARTDOWN: (logger) Open connections (0). Try it later.
2019-01-26 20:15:00 --- SMARTDOWN: (logger) Open connections (0). Try it later.
2019-01-26 21:15:00 --- SMARTDOWN: (logger) Open connections (0). Try it later.
2019-01-26 22:15:00 --- SMARTDOWN: (logger) Open connections (0). Try it later.
2019-01-26 23:15:00 --- SMARTDOWN: (logger) Open connections (0). Try it later.
2019-01-27 00:15:00 --- SMARTDOWN: (logger) Open connections (0). Try it later.
2019-01-27 01:15:00 --- SMARTDOWN: (logger) Open connections (0). Try it later.
2019-01-27 02:15:00 --- SMARTDOWN: (logger) Open connections (0). Try it later.
2019-01-27 03:15:00 --- SMARTDOWN: (logger) Open connections (0). Try it later.
2019-01-27 04:15:00 --- SMARTDOWN: (logger) Open connections (0). Try it later.
2019-01-27 04:50:00 --- SMARTDOWN: (safe) Shutdown now...
2019-01-27 04:50:00 --- SMARTDOWN: Shutdown ... 
2019-02-09 09:15:00 --- SMARTDOWN: (logger) Open connections (0). Try it later.
2019-02-09 10:15:00 --- SMARTDOWN: (logger) Open connections (0). Try it later.
2019-02-09 11:15:00 --- SMARTDOWN: (logger) Open connections (0). Try it later.
2019-02-09 12:15:00 --- SMARTDOWN: (logger) Open connections (0). Try it later.
2019-02-09 13:15:00 --- SMARTDOWN: (logger) Open connections (0). Try it later.
2019-02-09 14:15:00 --- SMARTDOWN: (logger) Open connections (0). Try it later.
2019-02-09 15:15:00 --- SMARTDOWN: (logger) Open connections (0). Try it later.
2019-02-09 16:15:00 --- SMARTDOWN: (logger) Open connections (0). Try it later.
2019-02-09 17:15:00 --- SMARTDOWN: (logger) Open connections (3). Try it later.
2019-02-09 18:15:00 --- SMARTDOWN: (logger) Open connections (2). Try it later.
2019-02-09 19:15:00 --- SMARTDOWN: (logger) Open connections (0). Try it later.
2019-02-09 20:15:00 --- SMARTDOWN: (logger) Open connections (0). Try it later.
2019-02-09 21:15:00 --- SMARTDOWN: (logger) Open connections (0). Try it later.
2019-02-09 22:15:00 --- SMARTDOWN: (logger) Open connections (0). Try it later.
2019-02-09 23:15:00 --- SMARTDOWN: (logger) Open connections (0). Try it later.
2019-02-10 00:15:00 --- SMARTDOWN: (logger) Open connections (0). Try it later.
2019-02-10 01:15:00 --- SMARTDOWN: (logger) Open connections (0). Try it later.
2019-02-10 02:15:00 --- SMARTDOWN: (logger) Open connections (0). Try it later.
2019-02-10 03:15:00 --- SMARTDOWN: (logger) Open connections (0). Try it later.
2019-02-10 04:15:00 --- SMARTDOWN: (logger) Open connections (0). Try it later.
2019-02-10 04:50:00 --- SMARTDOWN: (safe) Shutdown now...
2019-02-10 04:50:00 --- SMARTDOWN: Shutdown ... 
2019-02-12 18:15:00 --- SMARTDOWN: (logger) Open connections (0). Try it later.
2019-02-12 19:15:00 --- SMARTDOWN: (logger) Open connections (0). Try it later.
2019-02-12 20:15:00 --- SMARTDOWN: (logger) Open connections (0). Try it later.
2019-02-12 21:15:00 --- SMARTDOWN: (logger) Open connections (0). Try it later.
2019-02-12 22:15:00 --- SMARTDOWN: (logger) Open connections (0). Try it later.
2019-02-12 23:15:00 --- SMARTDOWN: (logger) Open connections (0). Try it later.
2019-02-13 00:15:00 --- SMARTDOWN: (logger) Open connections (0). Try it later.
2019-02-13 01:15:00 --- SMARTDOWN: (logger) Open connections (0). Try it later.
2019-02-13 02:15:00 --- SMARTDOWN: (logger) Open connections (0). Try it later.
2019-02-13 03:15:00 --- SMARTDOWN: (logger) Open connections (0). Try it later.
2019-02-13 04:15:00 --- SMARTDOWN: (logger) Open connections (0). Try it later.
2019-02-13 04:50:00 --- SMARTDOWN: (safe) Shutdown now...
2019-02-13 04:50:00 --- SMARTDOWN: Shutdown ... 
2019-06-03 19:15:00 --- SMARTDOWN: (logger) Open connections (0). Try it later.
2019-06-03 20:15:00 --- SMARTDOWN: (logger) Open connections (0). Try it later.
2019-06-03 21:15:00 --- SMARTDOWN: (logger) Open connections (0). Try it later.
2019-06-03 22:15:00 --- SMARTDOWN: (logger) Open connections (0). Try it later.
2019-06-03 23:15:00 --- SMARTDOWN: (logger) Open connections (0). Try it later.
2019-06-04 00:15:00 --- SMARTDOWN: (logger) Open connections (0). Try it later.
2019-06-04 01:15:00 --- SMARTDOWN: (logger) Open connections (0). Try it later.
2019-06-04 02:15:00 --- SMARTDOWN: (logger) Open connections (0). Try it later.
2019-06-04 03:15:00 --- SMARTDOWN: (logger) Open connections (0). Try it later.
2019-06-04 04:15:00 --- SMARTDOWN: (logger) Open connections (0). Try it later.
2019-06-04 04:50:00 --- SMARTDOWN: (safe) Shutdown now...
2019-06-04 04:50:00 --- SMARTDOWN: Shutdown ... 
2019-07-16 23:15:00 --- SMARTDOWN: (logger) Open connections (0). Try it later.
2019-07-17 00:15:00 --- SMARTDOWN: (logger) Open connections (2). Try it later.
2019-07-17 01:15:00 --- SMARTDOWN: (logger) Open connections (0). Try it later.
2019-07-17 02:15:00 --- SMARTDOWN: (logger) Open connections (0). Try it later.
2019-07-17 03:15:00 --- SMARTDOWN: (logger) Open connections (0). Try it later.
2019-07-17 04:15:00 --- SMARTDOWN: (logger) Open connections (0). Try it later.
2019-07-17 04:50:00 --- SMARTDOWN: (safe) Shutdown now...
2019-07-17 04:50:00 --- SMARTDOWN: Shutdown ... 
2019-09-08 22:15:00 --- SMARTDOWN: (logger) Open connections (0). Try it later.
2019-09-08 23:15:00 --- SMARTDOWN: (logger) Open connections (0). Try it later.
2019-09-09 00:15:00 --- SMARTDOWN: (logger) Open connections (0). Try it later.
2019-09-09 01:15:00 --- SMARTDOWN: (logger) Open connections (0). Try it later.
2019-09-09 02:15:00 --- SMARTDOWN: (logger) Open connections (0). Try it later.
2019-09-09 03:15:00 --- SMARTDOWN: (logger) Open connections (0). Try it later.
2019-09-09 04:15:00 --- SMARTDOWN: (logger) Open connections (0). Try it later.
2019-09-09 04:50:00 --- SMARTDOWN: (safe) Shutdown now...
2019-09-09 04:50:00 --- SMARTDOWN: Shutdown ... 
2019-10-12 20:15:00 --- SMARTDOWN: (logger) Open connections (0). Try it later.
2019-10-12 21:15:00 --- SMARTDOWN: (logger) Open connections (0). Try it later.
2019-10-12 22:15:00 --- SMARTDOWN: (logger) Open connections (0). Try it later.
2019-10-12 23:15:00 --- SMARTDOWN: (logger) Open connections (0). Try it later.
2019-10-13 01:15:02 --- SMARTDOWN: (logger) Open connections (0). Try it later.
2019-10-13 02:15:00 --- SMARTDOWN: (logger) Open connections (0). Try it later.
2019-10-13 03:15:00 --- SMARTDOWN: (logger) Open connections (0). Try it later.
2019-10-13 04:15:00 --- SMARTDOWN: (logger) Open connections (0). Try it later.
2019-10-13 04:50:00 --- SMARTDOWN: (safe) Shutdown now...
2019-10-13 04:50:00 --- SMARTDOWN: Shutdown ... 
2019-10-21 18:15:00 --- SMARTDOWN: (logger) Open connections (0). Try it later.
2019-10-21 19:15:00 --- SMARTDOWN: (logger) Open connections (0). Try it later.
2019-10-21 20:15:00 --- SMARTDOWN: (logger) Open connections (0). Try it later.
2019-10-21 21:15:00 --- SMARTDOWN: (logger) Open connections (0). Try it later.
2019-10-21 22:15:00 --- SMARTDOWN: (logger) Open connections (0). Try it later.
2019-10-21 23:15:00 --- SMARTDOWN: (logger) Open connections (0). Try it later.
2019-10-22 00:15:00 --- SMARTDOWN: (logger) Open connections (0). Try it later.
2019-10-22 01:15:00 --- SMARTDOWN: (logger) Open connections (0). Try it later.
2019-10-22 02:15:00 --- SMARTDOWN: (logger) Open connections (0). Try it later.
2019-10-22 03:15:00 --- SMARTDOWN: (logger) Open connections (0). Try it later.
2019-10-22 04:15:00 --- SMARTDOWN: (logger) Open connections (0). Try it later.
2019-10-22 04:50:00 --- SMARTDOWN: (safe) Shutdown now...
2019-10-22 04:50:00 --- SMARTDOWN: Shutdown ... 
2019-12-15 22:15:00 --- SMARTDOWN: (logger) Open connections (0). Try it later.
2019-12-15 23:15:00 --- SMARTDOWN: (logger) Open connections (0). Try it later.
2019-12-16 00:15:00 --- SMARTDOWN: (logger) Open connections (4). Try it later.
2019-12-16 01:15:00 --- SMARTDOWN: (logger) Open connections (5). Try it later.
2019-12-16 02:15:00 --- SMARTDOWN: (logger) Open connections (6). Try it later.
2019-12-16 02:42:00 --- SMARTDOWN: (logger) Open connections (6). Try it later.
2019-12-16 03:12:00 --- SMARTDOWN: (logger) Open connections (1). Try it later.
2019-12-16 03:42:00 --- SMARTDOWN: (logger) Open connections (1). Try it later.
2019-12-16 04:12:00 --- SMARTDOWN: (logger) Open connections (1). Try it later.
2019-12-16 04:42:00 --- SMARTDOWN: (logger) Open connections (0). Try it later.
2019-12-16 04:50:00 --- SMARTDOWN: (safe) Shutdown now...
2019-12-16 04:50:00 --- SMARTDOWN: Shutdown ... 
2019-12-16 11:42:00 --- SMARTDOWN: (logger) Open connections (0). Try it later.
2019-12-16 12:12:00 --- SMARTDOWN: (logger) Open connections (5). Try it later.
2019-12-16 12:42:00 --- SMARTDOWN: (logger) Open connections (0). Try it later.
2019-12-16 13:12:00 --- SMARTDOWN: (logger) Open connections (0). Try it later.
2019-12-16 13:42:00 --- SMARTDOWN: (logger) Open connections (0). Try it later.
2019-12-16 14:12:00 --- SMARTDOWN: (logger) Open connections (0). Try it later.
2019-12-16 14:42:00 --- SMARTDOWN: (logger) Open connections (0). Try it later.
2019-12-16 15:12:00 --- SMARTDOWN: (logger) Open connections (0). Try it later.
2019-12-16 15:42:00 --- SMARTDOWN: (logger) Open connections (0). Try it later.
2019-12-16 16:12:00 --- SMARTDOWN: (logger) Open connections (0). Try it later.
2019-12-16 16:42:00 --- SMARTDOWN: (logger) Open connections (0). Try it later.
2019-12-16 17:12:00 --- SMARTDOWN: (logger) Open connections (0). Try it later.
2019-12-16 17:42:00 --- SMARTDOWN: (logger) Open connections (0). Try it later.
2019-12-16 18:12:00 --- SMARTDOWN: (logger) Open connections (0). Try it later.
2019-12-16 18:42:00 --- SMARTDOWN: (logger) Open connections (0). Try it later.
2019-12-16 19:12:00 --- SMARTDOWN: (logger) Open connections (0). Try it later.
2019-12-16 19:42:00 --- SMARTDOWN: (logger) Open connections (0). Try it later.
2019-12-16 20:12:00 --- SMARTDOWN: (logger) Open connections (0). Try it later.
2019-12-16 20:42:00 --- SMARTDOWN: (logger) Open connections (0). Try it later.
2019-12-16 21:12:00 --- SMARTDOWN: (logger) Open connections (0). Try it later.
2019-12-16 21:42:00 --- SMARTDOWN: (logger) Open connections (0). Try it later.
2019-12-16 22:12:00 --- SMARTDOWN: (logger) Open connections (0). Try it later.
2019-12-16 22:42:00 --- SMARTDOWN: (logger) Open connections (0). Try it later.
2019-12-16 23:12:00 --- SMARTDOWN: (logger) Open connections (0). Try it later.
2019-12-16 23:42:00 --- SMARTDOWN: (logger) Open connections (0). Try it later.
2019-12-17 00:12:00 --- SMARTDOWN: (logger) Open connections (0). Try it later.
2019-12-17 00:42:00 --- SMARTDOWN: (logger) Open connections (0). Try it later.
2019-12-17 01:12:00 --- SMARTDOWN: (logger) Open connections (0). Try it later.
2019-12-17 01:42:00 --- SMARTDOWN: (logger) Open connections (2). Try it later.
2019-12-17 02:12:00 --- SMARTDOWN: (logger) Open connections (3). Try it later.
2019-12-17 02:42:00 --- SMARTDOWN: (logger) Open connections (2). Try it later.
2019-12-17 03:12:00 --- SMARTDOWN: (logger) Open connections (0). Try it later.
2019-12-17 03:42:00 --- SMARTDOWN: (logger) Open connections (0). Try it later.
2019-12-17 04:12:00 --- SMARTDOWN: (logger) Open connections (0). Try it later.
2019-12-17 04:42:00 --- SMARTDOWN: (logger) Open connections (0). Try it later.
2019-12-17 04:50:00 --- SMARTDOWN: (safe) Open connections (1). Try it later.
2019-12-17 04:53:00 --- SMARTDOWN: (safe) Shutdown now...
2019-12-17 04:53:00 --- SMARTDOWN: Shutdown ... 
2019-12-19 10:42:00 --- SMARTDOWN: (logger) Open connections (0). Try it later.
2019-12-19 11:12:00 --- SMARTDOWN: (logger) Open connections (0). Try it later.
2019-12-19 11:42:00 --- SMARTDOWN: (logger) Open connections (0). Try it later.
2019-12-19 12:12:00 --- SMARTDOWN: (logger) Open connections (0). Try it later.
2019-12-19 12:42:00 --- SMARTDOWN: (logger) Open connections (2). Try it later.
2019-12-19 13:12:00 --- SMARTDOWN: (logger) Open connections (2). Try it later.
2019-12-19 13:42:00 --- SMARTDOWN: (logger) Open connections (2). Try it later.
2019-12-19 14:12:00 --- SMARTDOWN: (logger) Open connections (2). Try it later.
2019-12-19 14:42:00 --- SMARTDOWN: (logger) Open connections (2). Try it later.
2019-12-19 15:12:00 --- SMARTDOWN: (logger) Open connections (2). Try it later.
2019-12-19 15:42:00 --- SMARTDOWN: (logger) Open connections (2). Try it later.
2019-12-19 16:12:00 --- SMARTDOWN: (logger) Open connections (2). Try it later.
2019-12-19 16:42:00 --- SMARTDOWN: (logger) Open connections (2). Try it later.
2019-12-19 17:12:00 --- SMARTDOWN: (logger) Open connections (2). Try it later.
2019-12-19 17:42:00 --- SMARTDOWN: (logger) Open connections (2). Try it later.
2019-12-19 18:12:00 --- SMARTDOWN: (logger) Open connections (2). Try it later.
2019-12-19 18:42:00 --- SMARTDOWN: (logger) Open connections (2). Try it later.
2019-12-19 19:12:00 --- SMARTDOWN: (logger) Open connections (2). Try it later.
2019-12-19 19:42:00 --- SMARTDOWN: (logger) Open connections (2). Try it later.
2019-12-19 20:12:00 --- SMARTDOWN: (logger) Open connections (4). Try it later.
2019-12-19 20:42:00 --- SMARTDOWN: (logger) Open connections (4). Try it later.
2019-12-19 21:12:00 --- SMARTDOWN: (logger) Open connections (4). Try it later.
2019-12-19 21:42:00 --- SMARTDOWN: (logger) Open connections (4). Try it later.
2019-12-19 22:12:00 --- SMARTDOWN: (logger) Open connections (4). Try it later.
2019-12-19 22:42:00 --- SMARTDOWN: (logger) Open connections (4). Try it later.
2019-12-19 23:12:00 --- SMARTDOWN: (logger) Open connections (5). Try it later.
2019-12-19 23:42:00 --- SMARTDOWN: (logger) Open connections (5). Try it later.
2019-12-20 00:12:00 --- SMARTDOWN: (logger) Open connections (5). Try it later.
2019-12-20 00:42:00 --- SMARTDOWN: (logger) Open connections (0). Try it later.
2019-12-20 01:12:00 --- SMARTDOWN: (logger) Open connections (0). Try it later.
2019-12-20 01:42:00 --- SMARTDOWN: (logger) Open connections (0). Try it later.
2019-12-20 02:12:00 --- SMARTDOWN: (logger) Open connections (0). Try it later.
2019-12-20 02:42:00 --- SMARTDOWN: (logger) Open connections (0). Try it later.
2019-12-20 03:12:00 --- SMARTDOWN: (logger) Open connections (0). Try it later.
2019-12-20 03:42:00 --- SMARTDOWN: (logger) Open connections (0). Try it later.
2019-12-20 04:12:00 --- SMARTDOWN: (logger) Open connections (0). Try it later.
2019-12-20 04:42:00 --- SMARTDOWN: (logger) Open connections (0). Try it later.
2019-12-20 04:50:00 --- SMARTDOWN: (safe) Shutdown now...
2019-12-20 04:50:00 --- SMARTDOWN: Shutdown ... 
2019-12-25 12:42:00 --- SMARTDOWN: (logger) Open connections (0). Try it later.
2019-12-25 13:12:00 --- SMARTDOWN: (logger) Open connections (0). Try it later.
2019-12-25 13:42:00 --- SMARTDOWN: (logger) Open connections (0). Try it later.
2019-12-25 14:12:00 --- SMARTDOWN: (logger) Open connections (0). Try it later.
2019-12-25 14:42:00 --- SMARTDOWN: (logger) Open connections (0). Try it later.
2019-12-25 15:12:00 --- SMARTDOWN: (logger) Open connections (0). Try it later.
2019-12-25 15:42:00 --- SMARTDOWN: (logger) Open connections (0). Try it later.
2019-12-25 16:12:00 --- SMARTDOWN: (logger) Open connections (0). Try it later.
2019-12-25 16:42:00 --- SMARTDOWN: (logger) Open connections (0). Try it later.
2019-12-25 17:12:00 --- SMARTDOWN: (logger) Open connections (0). Try it later.
2019-12-25 17:42:00 --- SMARTDOWN: (logger) Open connections (0). Try it later.
2019-12-25 18:12:00 --- SMARTDOWN: (logger) Open connections (1). Try it later.
2019-12-25 18:42:00 --- SMARTDOWN: (logger) Open connections (0). Try it later.
2019-12-25 19:12:00 --- SMARTDOWN: (logger) Open connections (0). Try it later.
2019-12-25 19:42:00 --- SMARTDOWN: (logger) Open connections (0). Try it later.
2019-12-25 20:12:00 --- SMARTDOWN: (logger) Open connections (0). Try it later.
2019-12-25 20:42:00 --- SMARTDOWN: (logger) Open connections (0). Try it later.
2019-12-25 21:12:00 --- SMARTDOWN: (logger) Open connections (0). Try it later.
2019-12-25 21:42:00 --- SMARTDOWN: (logger) Open connections (0). Try it later.
2019-12-25 22:12:00 --- SMARTDOWN: (logger) Open connections (0). Try it later.
2019-12-25 22:42:00 --- SMARTDOWN: (logger) Open connections (0). Try it later.
2019-12-25 23:12:00 --- SMARTDOWN: (logger) Open connections (0). Try it later.
2019-12-25 23:42:00 --- SMARTDOWN: (logger) Open connections (0). Try it later.
2019-12-26 00:12:00 --- SMARTDOWN: (logger) Open connections (0). Try it later.
2019-12-26 00:42:00 --- SMARTDOWN: (logger) Open connections (0). Try it later.
2019-12-26 01:12:00 --- SMARTDOWN: (logger) Open connections (0). Try it later.
2019-12-26 01:42:00 --- SMARTDOWN: (logger) Open connections (0). Try it later.
2019-12-26 02:12:00 --- SMARTDOWN: (logger) Open connections (0). Try it later.
2019-12-26 02:42:00 --- SMARTDOWN: (logger) Open connections (0). Try it later.
2019-12-26 03:12:00 --- SMARTDOWN: (logger) Open connections (0). Try it later.
2019-12-26 03:42:00 --- SMARTDOWN: (logger) Open connections (0). Try it later.
2019-12-26 04:12:00 --- SMARTDOWN: (logger) Open connections (0). Try it later.
2019-12-26 04:42:00 --- SMARTDOWN: (logger) Open connections (0). Try it later.
2019-12-26 04:50:00 --- SMARTDOWN: (safe) Shutdown now...
2019-12-26 04:50:00 --- SMARTDOWN: Shutdown ... 
2019-12-26 22:12:00 --- SMARTDOWN: (logger) Open connections (0). Try it later.
2019-12-26 22:42:00 --- SMARTDOWN: (logger) Open connections (0). Try it later.
2019-12-26 23:12:00 --- SMARTDOWN: (logger) Open connections (0). Try it later.
2019-12-30 22:12:00 --- SMARTDOWN: (logger) Open connections (0). Try it later.
2019-12-30 22:42:00 --- SMARTDOWN: (logger) Open connections (0). Try it later.
2019-12-30 23:12:00 --- SMARTDOWN: (logger) Open connections (0). Try it later.
2019-12-30 23:42:00 --- SMARTDOWN: (logger) Open connections (4). Try it later.
2019-12-31 00:12:00 --- SMARTDOWN: (logger) Open connections (6). Try it later.
2019-12-31 00:42:00 --- SMARTDOWN: (logger) Open connections (0). Try it later.
2019-12-31 01:12:00 --- SMARTDOWN: (logger) Open connections (0). Try it later.
2019-12-31 01:42:00 --- SMARTDOWN: (logger) Open connections (0). Try it later.
2019-12-31 02:12:00 --- SMARTDOWN: (logger) Open connections (0). Try it later.
2019-12-31 02:42:00 --- SMARTDOWN: (logger) Open connections (0). Try it later.
2019-12-31 03:12:00 --- SMARTDOWN: (logger) Open connections (0). Try it later.
2019-12-31 03:42:00 --- SMARTDOWN: (logger) Open connections (0). Try it later.
2019-12-31 04:12:00 --- SMARTDOWN: (logger) Open connections (0). Try it later.
2019-12-31 04:42:00 --- SMARTDOWN: (logger) Open connections (0). Try it later.
2019-12-31 04:50:00 --- SMARTDOWN: (safe) Shutdown now...
2019-12-31 04:50:00 --- SMARTDOWN: Shutdown ... 
2020-01-04 22:42:00 --- SMARTDOWN: (logger) Open connections (0). Try it later.
2020-01-04 23:12:00 --- SMARTDOWN: (logger) Open connections (3). Try it later.
2020-01-04 23:42:00 --- SMARTDOWN: (logger) Open connections (3). Try it later.
2020-01-05 00:12:00 --- SMARTDOWN: (logger) Open connections (3). Try it later.
2020-01-05 00:42:00 --- SMARTDOWN: (logger) Open connections (1). Try it later.
2020-01-05 01:12:00 --- SMARTDOWN: (logger) Open connections (0). Try it later.
2020-01-05 01:42:00 --- SMARTDOWN: (logger) Open connections (0). Try it later.
2020-01-05 02:12:00 --- SMARTDOWN: (logger) Open connections (0). Try it later.
2020-01-05 02:42:00 --- SMARTDOWN: (logger) Open connections (0). Try it later.
2020-01-05 03:12:00 --- SMARTDOWN: (logger) Open connections (0). Try it later.
2020-01-05 03:42:00 --- SMARTDOWN: (logger) Open connections (0). Try it later.
2020-01-05 04:12:00 --- SMARTDOWN: (logger) Open connections (0). Try it later.
2020-01-05 04:42:00 --- SMARTDOWN: (logger) Open connections (0). Try it later.
2020-01-05 04:50:00 --- SMARTDOWN: (safe) Shutdown now...
2020-01-05 04:50:00 --- SMARTDOWN: Shutdown ... 
2020-01-12 18:12:00 --- SMARTDOWN: (logger) Open connections (4). Try it later.
